C51 COMPILER V9.60.0.0   SCRIPT                                                            04/24/2021 18:57:04 PAGE 1   


C51 COMPILER V9.60.0.0, COMPILATION OF MODULE SCRIPT
OBJECT MODULE PLACED IN .\Objects\script.obj
COMPILER INVOKED BY: C:\Keil_v5\C51\BIN\C51.EXE script.c OPTIMIZE(8,SPEED) BROWSE DEBUG OBJECTEXTEND PRINT(.\Listings\sc
                    -ript.lst) TABS(3) OBJECT(.\Objects\script.obj)

line level    source

   1          #include <reg2051.H>
   2          #include <stdlib.h>
   3          
   4          //to transistors for switching on off layers
   5          sbit px0 = P1^0;
   6          sbit px1 = P1^1;
   7          sbit px2 = P1^2;
   8          sbit px3 = P1^3;
   9          
  10          //to 74hc154n for turnning on led. low active, low output
  11          sbit pd0 = P1^4; //decode pin 0
  12          sbit pd1 = P1^5; //decode pin 1
  13          sbit pd2 = P1^6; //decode pin 2
  14          sbit pd3 = P1^7; //decode pin 3
  15          
  16          void delay(unsigned int t) {
  17   1         unsigned int i;
  18   1         for (i = 0 ; i <= t ; i++);
  19   1      }
  20          
  21          void STEP0() {
  22   1         unsigned char i,j,j1=0;
  23   1         
  24   1         for(j1=0;j1<5;j1++) {
  25   2            for(j=0;j<10;j++) {
  26   3               for(i=0;i<16;i++) {
  27   4                  P1=(i<<4)|0x01;
  28   4                  delay(250);
  29   4               }
  30   3            }
  31   2            for(j=0;j<10;j++) {
  32   3               for(i=0;i<16;i++) {
  33   4                  P1=(i<<4)|0x02;
  34   4                  delay(250);
  35   4               }
  36   3            }
  37   2            for(j=0;j<10;j++)
  38   2            {
  39   3               for(i=0;i<16;i++)
  40   3               {
  41   4                  P1=(i<<4)|0x04;
  42   4                  delay(250);
  43   4               }
  44   3            }
  45   2            for(j=0;j<10;j++)
  46   2            {
  47   3               for(i=0;i<16;i++)
  48   3               {
  49   4                  P1=(i<<4)|0x08;
  50   4                  delay(250);
  51   4               }
  52   3            }
  53   2            for(j=0;j<10;j++)
  54   2            {
C51 COMPILER V9.60.0.0   SCRIPT                                                            04/24/2021 18:57:04 PAGE 2   

  55   3               for(i=0;i<16;i++)
  56   3               {
  57   4                  P1=(i<<4)|0x08;   
  58   4                  delay(250);
  59   4               }
  60   3            }
  61   2            for(j=0;j<10;j++)
  62   2            {
  63   3               for(i=0;i<16;i++)
  64   3               {
  65   4                  P1=(i<<4)|0x04;
  66   4                  delay(250);
  67   4               }
  68   3            }
  69   2            for(j=0;j<10;j++)
  70   2            {
  71   3               for(i=0;i<16;i++)
  72   3               {
  73   4                  P1=(i<<4)|0x02;
  74   4                  delay(250);
  75   4               }
  76   3            }
  77   2            
  78   2            for(j=0;j<10;j++) {
  79   3               for(i=0;i<16;i++) {
  80   4                  P1=(i<<4)|0x01;
  81   4                  delay(250);
  82   4               }
  83   3            }
  84   2         }
  85   1      }  
  86          
  87          void STEP1()
  88          {
  89   1         unsigned char i=0;
  90   1         
  91   1         for(i=0;i<16;i++)
  92   1         {
  93   2            P1=(i<<4)|0x08;
  94   2            delay(300);
  95   2         }
  96   1         for(i=0;i<16;i++)
  97   1         {
  98   2            P1=(i<<4)|0x04;
  99   2            delay(300);
 100   2         }
 101   1         for(i=0;i<16;i++)
 102   1         {
 103   2            P1=(i<<4)|0x02;
 104   2            delay(300);
 105   2         }
 106   1         for(i=0;i<16;i++)
 107   1         {
 108   2            P1=(i<<4)|0x01;
 109   2            delay(300);
 110   2         }
 111   1      }
 112          
 113          void STEP2()
 114          {
 115   1         unsigned char i,j=0; 
 116   1         for(i=0;i<2;i++)
C51 COMPILER V9.60.0.0   SCRIPT                                                            04/24/2021 18:57:04 PAGE 3   

 117   1         {
 118   2            P1=0x0F;
 119   2            delay(300);
 120   2            P1=0x1F;
 121   2            delay(300);
 122   2            P1=0x2F;
 123   2            delay(300);
 124   2            P1=0x3F;
 125   2            delay(300);
 126   2            P1=0x4F;
 127   2            delay(300);
 128   2            P1=0x5F;
 129   2            delay(300);
 130   2            P1=0x6F;
 131   2            delay(300);
 132   2            P1=0x7F;
 133   2            delay(300);
 134   2            P1=0x8F;
 135   2            delay(300);
 136   2            P1=0x9F;
 137   2            delay(300);
 138   2            P1=0xAF;
 139   2            delay(300);
 140   2            P1=0xBF;
 141   2            delay(300);
 142   2            P1=0xCF;
 143   2            delay(300);
 144   2            P1=0xDF;
 145   2            delay(300);
 146   2            P1=0xEF;
 147   2            delay(300);
 148   2            P1=0xFF;
 149   2            delay(300);
 150   2         }
 151   1      }
 152          
 153          void STEP3()
 154          {
 155   1         unsigned char i,j=0;
 156   1         for(j=0;j<100;j++) {
 157   2            for(i=0;i<16;i++) {
 158   3               P1=(i<<4)|0x01;
 159   3               delay(250);
 160   3            }
 161   2         }
 162   1         
 163   1         for(j=0;j<100;j++) {
 164   2            for(i=0;i<16;i++) {
 165   3               P1=(i<<4)|0x02;
 166   3               delay(250);
 167   3            }
 168   2         }
 169   1         
 170   1         for(j=0;j<100;j++) {
 171   2            for(i=0;i<16;i++) {
 172   3               P1=(i<<4)|0x04;
 173   3               delay(250);
 174   3            }
 175   2         }
 176   1         
 177   1         for(j=0;j<100;j++) {
 178   2            for(i=0;i<16;i++) {
C51 COMPILER V9.60.0.0   SCRIPT                                                            04/24/2021 18:57:04 PAGE 4   

 179   3               P1=(i<<4)|0x08;
 180   3               delay(250);
 181   3            }
 182   2         }
 183   1      }
 184          
 185          void STEP4() {
 186   1         unsigned int i,j=0;
 187   1         
 188   1         for(j=0;j<100;j++) {
 189   2            for(i=0;i<16;i++) {
 190   3               P1=(i<<4)|0x08;   
 191   3               delay(250);
 192   3            }
 193   2         }
 194   1         
 195   1         for(j=0;j<100;j++) {
 196   2            for(i=0;i<16;i++) {
 197   3               P1=(i<<4)|0x04;
 198   3               delay(250);
 199   3            }
 200   2         }
 201   1         
 202   1         for(j=0;j<100;j++) {
 203   2            for(i=0;i<16;i++) {
 204   3               P1=(i<<4)|0x02;
 205   3               delay(250);
 206   3            }
 207   2         }
 208   1         
 209   1         for(j=0;j<100;j++) {
 210   2            for(i=0;i<16;i++) {
 211   3               P1=(i<<4)|0x01;
 212   3               delay(250);
 213   3            }
 214   2         }
 215   1      }
 216          
 217          void STEP5() {
 218   1         
 219   1         unsigned int j=0;
 220   1         
 221   1         for(j=0;j<5;j++) {
 222   2            P1=0x0F;
 223   2            delay(500);
 224   2            P1=0x1F;
 225   2            delay(500);
 226   2            P1=0x2F;
 227   2            delay(500);
 228   2            P1=0x3F;   
 229   2            delay(500);
 230   2            
 231   2            P1=0x7F;
 232   2            delay(500);
 233   2            P1=0x6F;
 234   2            delay(500);
 235   2            P1=0x5F;
 236   2            delay(500);
 237   2            P1=0x4F;
 238   2            delay(500);
 239   2            
 240   2            P1=0x8F;
C51 COMPILER V9.60.0.0   SCRIPT                                                            04/24/2021 18:57:04 PAGE 5   

 241   2            delay(500);
 242   2            P1=0x9F;
 243   2            delay(500);
 244   2            P1=0xAF;
 245   2            delay(500);
 246   2            P1=0xBF;
 247   2            delay(500);
 248   2            
 249   2            P1=0xFF;
 250   2            delay(500);
 251   2            P1=0xEF;
 252   2            delay(500);
 253   2            P1=0xDF;
 254   2            delay(500);
 255   2            P1=0xCF;
 256   2            delay(500);
 257   2            
 258   2            P1=0xFF;
 259   2            delay(500);
 260   2            P1=0xEF;
 261   2            delay(500);
 262   2            P1=0xDF;
 263   2            delay(500);
 264   2            P1=0xCF;
 265   2            delay(500);
 266   2            
 267   2            P1=0x8F;
 268   2            delay(500);
 269   2            P1=0x9F;
 270   2            delay(500);
 271   2            P1=0xAF;
 272   2            delay(500);
 273   2            P1=0xBF;
 274   2            delay(500);
 275   2            
 276   2            P1=0x7F;
 277   2            delay(500);
 278   2            P1=0x6F;
 279   2            delay(500);
 280   2            P1=0x5F;
 281   2            delay(500);
 282   2            P1=0x4F;
 283   2            delay(500);
 284   2            
 285   2            P1=0x0F;
 286   2            delay(500);
 287   2            P1=0x1F;
 288   2            delay(500);
 289   2            P1=0x2F;
 290   2            delay(500);
 291   2            P1=0x3F;   
 292   2            delay(500);
 293   2         }
 294   1      }
 295          
 296          void main(void) { 
 297   1         
 298   1         delay(1000);
 299   1         
 300   1         while (1) {
 301   2            
 302   2            //############# self checking ############
C51 COMPILER V9.60.0.0   SCRIPT                                                            04/24/2021 18:57:04 PAGE 6   

 303   2            STEP0();
 304   2            STEP1();
 305   2            STEP2();
 306   2            
 307   2            //rainfall ********************************
 308   2            STEP3();
 309   2            STEP4();
 310   2            STEP5();
 311   2         }
 312   1      }


MODULE INFORMATION:   STATIC OVERLAYABLE
   CODE SIZE        =   1133    ----
   CONSTANT SIZE    =   ----    ----
   XDATA SIZE       =   ----    ----
   PDATA SIZE       =   ----    ----
   DATA SIZE        =   ----       1
   IDATA SIZE       =   ----    ----
   BIT SIZE         =   ----    ----
END OF MODULE INFORMATION.


C51 COMPILATION COMPLETE.  0 WARNING(S),  0 ERROR(S)
